2024-08-21 14:23:17 INFO  step_definitions.CreateNewExpenseProductSteps - Token and base URL have been initialized
2024-08-21 14:23:17 INFO  step_definitions.CreateNewExpenseProductSteps - Generated random product details: Title - Fantastic Copper Hat, Price - 8
2024-08-21 14:23:18 INFO  step_definitions.CreateNewExpenseProductSteps - Sent POST request to create the product. Response status code: 201
2024-08-21 14:23:18 INFO  step_definitions.CreateNewExpenseProductSteps - Validating the response status code: Expected - 201, Actual - 201
2024-08-21 14:23:18 INFO  step_definitions.CreateNewExpenseProductSteps - Validating that the response body contains the product title: Fantastic Copper Hat
2024-08-21 14:23:18 INFO  step_definitions.CreateNewExpenseProductSteps - Validating that the product price is greater than 0: Actual price - 8
2024-08-21 14:25:04 INFO  CreateNewExpenseProductSteps:32 - Token and base URL have been initialized
2024-08-21 14:25:04 INFO  CreateNewExpenseProductSteps:40 - Generated random product details: Title - Awesome Wooden Bench, Price - 7
2024-08-21 14:25:04 INFO  CreateNewExpenseProductSteps:58 - Sent POST request to create the product. Response status code: 201
2024-08-21 14:25:04 INFO  CreateNewExpenseProductSteps:64 - Validating the response status code: Expected - 201, Actual - 201
2024-08-21 14:25:04 INFO  CreateNewExpenseProductSteps:72 - Validating that the response body contains the product title: Awesome Wooden Bench
2024-08-21 14:25:04 INFO  CreateNewExpenseProductSteps:79 - Validating that the product price is greater than 0: Actual price - 7
2024-08-21 16:23:19 INFO  CreateNewExpenseProductSteps:32 - Token and base URL have been initialized
2024-08-21 16:23:19 INFO  CreateNewExpenseProductSteps:40 - Generated random product details: Title - Ergonomic Bronze Computer, Price - 1
2024-08-21 16:23:20 INFO  CreateNewExpenseProductSteps:58 - Sent POST request to create the product. Response status code: 201
2024-08-21 16:23:20 INFO  CreateNewExpenseProductSteps:64 - Validating the response status code: Expected - 201, Actual - 201
2024-08-21 16:23:20 INFO  CreateNewExpenseProductSteps:72 - Validating that the response body contains the product title: Ergonomic Bronze Computer
2024-08-21 16:23:20 INFO  CreateNewExpenseProductSteps:79 - Validating that the product price is greater than 0: Actual price - 1
2024-08-21 16:27:40 INFO  CreateNewExpenseProductSteps:32 - Token and base URL have been initialized
2024-08-21 16:27:40 INFO  CreateNewExpenseProductSteps:40 - Generated random product details: Title - Incredible Paper Bottle, Price - 9
2024-08-21 16:27:40 INFO  CreateNewExpenseProductSteps:58 - Sent POST request to create the product. Response status code: 201
2024-08-21 16:27:40 INFO  CreateNewExpenseProductSteps:64 - Validating the response status code: Expected - 201, Actual - 201
2024-08-21 16:27:40 INFO  CreateNewExpenseProductSteps:72 - Validating that the response body contains the product title: Incredible Paper Bottle
2024-08-21 16:27:40 INFO  CreateNewExpenseProductSteps:79 - Validating that the product price is greater than 0: Actual price - 9
2024-08-21 16:29:43 INFO  CreateNewExpenseProductSteps:32 - Token and base URL have been initialized
2024-08-21 16:29:43 INFO  CreateNewExpenseProductSteps:40 - Generated random product details: Title - Rustic Steel Bottle, Price - 9
2024-08-21 16:29:44 INFO  CreateNewExpenseProductSteps:58 - Sent POST request to create the product. Response status code: 201
2024-08-21 16:29:44 INFO  CreateNewExpenseProductSteps:64 - Validating the response status code: Expected - 201, Actual - 201
2024-08-21 16:29:44 INFO  CreateNewExpenseProductSteps:72 - Validating that the response body contains the product title: Rustic Steel Bottle
2024-08-21 16:29:44 INFO  CreateNewExpenseProductSteps:79 - Validating that the product price is greater than 0: Actual price - 9
2024-08-21 16:30:38 INFO  CreateNewExpenseProductSteps:32 - Token and base URL have been initialized
2024-08-21 16:30:38 INFO  CreateNewExpenseProductSteps:40 - Generated random product details: Title - Intelligent Linen Hat, Price - 7
2024-08-21 16:30:39 INFO  CreateNewExpenseProductSteps:58 - Sent POST request to create the product. Response status code: 201
2024-08-21 16:30:39 INFO  CreateNewExpenseProductSteps:64 - Validating the response status code: Expected - 201, Actual - 201
2024-08-21 16:30:39 INFO  CreateNewExpenseProductSteps:72 - Validating that the response body contains the product title: Intelligent Linen Hat
2024-08-21 16:30:39 INFO  CreateNewExpenseProductSteps:79 - Validating that the product price is greater than 0: Actual price - 7
